Arguments: 
  C:\Program Files\nodejs\node.exe C:\Users\sande\AppData\Roaming\npm\node_modules\yarn\bin\yarn.js global dir --json

PATH: 
  C:\Program Files (x86)\Common Files\Oracle\Java\javapath;C:\Windows\system32;C:\Windows;C:\Windows\System32\Wbem;C:\Windows\System32\WindowsPowerShell\v1.0\;C:\Windows\System32\OpenSSH\;C:\Program Files (x86)\NVIDIA Corporation\PhysX\Common;C:\Program Files\Microsoft VS Code\bin;C:\WINDOWS\system32;C:\WINDOWS;C:\WINDOWS\System32\Wbem;C:\WINDOWS\System32\WindowsPowerShell\v1.0\;C:\WINDOWS\System32\OpenSSH\;C:\Program Files\dotnet\;C:\Program Files\nodejs\;C:\Program Files\Git\cmd;C:\Program Files\NVIDIA Corporation\NVIDIA app\NvDLISR;C:\Users\sande\.console-ninja\.bin;C:\Users\sande\AppData\Local\Programs\Python\Python313\Scripts\;C:\Users\sande\AppData\Local\Programs\Python\Python313\;C:\Users\sande\AppData\Local\Microsoft\WindowsApps;C:\Users\sande\AppData\Roaming\npm;

Yarn version: 
  1.22.19

Node version: 
  20.11.1

Platform: 
  win32 x64

Trace: 
  SyntaxError: d:\code\my-portfolio\package.json: Expected double-quoted property name in JSON at position 352
      at JSON.parse (<anonymous>)
      at C:\Users\sande\AppData\Roaming\npm\node_modules\yarn\lib\cli.js:1629:59
      at Generator.next (<anonymous>)
      at step (C:\Users\sande\AppData\Roaming\npm\node_modules\yarn\lib\cli.js:310:30)
      at C:\Users\sande\AppData\Roaming\npm\node_modules\yarn\lib\cli.js:321:13

npm manifest: 
  {
  "homepage": "https://sandeep-nomula.github.io/my-portfolio/",
   "name": "portfolio-template",
    "private": true,
    "version": "0.0.0",
    "type": "module",
    "scripts": {
      "dev": "vite",
      "build": "tsc -b && vite build",
      "lint": "eslint .",
      "preview": "vite preview",
      "predeploy": "npm run build",
      "deploy": "gh-pages -d dist",
    },
    "dependencies": {
      "@emotion/react": "^11.14.0",
      "@emotion/styled": "^11.14.0",
      "framer-motion": "^12.4.2",
      "react": "^19.0.0",
      "react-dom": "^19.0.0",
      "react-icons": "^5.4.0",
      "terser": "^5.39.0"
    },
    "devDependencies": {
      "@eslint/js": "^9.19.0",
      "@types/react": "^19.0.8",
      "@types/react-dom": "^19.0.3",
      "@vitejs/plugin-react": "^4.3.4",
      "eslint": "^9.19.0",
      "eslint-plugin-react-hooks": "^5.0.0",
      "eslint-plugin-react-refresh": "^0.4.18",
      "globals": "^15.14.0",
      "rollup-plugin-visualizer": "^5.14.0",
      "typescript": "~5.7.2",
      "typescript-eslint": "^8.22.0",
      "vite": "^6.1.0",
      "vite-plugin-compression": "^0.5.1"
    }
  }

yarn manifest: 
  No manifest

Lockfile: 
  No lockfile
